[2015-11-02 23:01:14] local.ERROR: exception 'Symfony\Component\Debug\Exception\FatalErrorException' with message 'syntax error, unexpected 'echo' (T_ECHO)' in /var/www/html/scm/app/Http/Controllers/Controller.php:18
Stack trace:
#0 {main}  
[2015-11-02 23:01:37] local.ERROR: exception 'Illuminate\Contracts\Container\BindingResolutionException' with message 'Target [App\Http\Controllers\Controller] is not instantiable.' in /var/www/html/scm/vendor/laravel/framework/src/Illuminate/Container/Container.php:745
Stack trace:
#0 /var/www/html/scm/vendor/laravel/framework/src/Illuminate/Container/Container.php(627): Illuminate\Container\Container->build('App\Http\Contro...', Array)
#1 /var/www/html/scm/vendor/laravel/framework/src/Illuminate/Foundation/Application.php(674): Illuminate\Container\Container->make('App\Http\Contro...', Array)
#2 /var/www/html/scm/vendor/laravel/framework/src/Illuminate/Routing/ControllerDispatcher.php(85): Illuminate\Foundation\Application->make('App\Http\Contro...')
#3 /var/www/html/scm/vendor/laravel/framework/src/Illuminate/Routing/ControllerDispatcher.php(57): Illuminate\Routing\ControllerDispatcher->makeController('App\Http\Contro...')
#4 /var/www/html/scm/vendor/laravel/framework/src/Illuminate/Routing/Route.php(203): Illuminate\Routing\ControllerDispatcher->dispatch(Object(Illuminate\Routing\Route), Object(Illuminate\Http\Request), 'App\Http\Contro...', 'prueba')
#5 /var/www/html/scm/vendor/laravel/framework/src/Illuminate/Routing/Route.php(134): Illuminate\Routing\Route->runWithCustomDispatcher(Object(Illuminate\Http\Request))
#6 /var/www/html/scm/vendor/laravel/framework/src/Illuminate/Routing/Router.php(704): Illuminate\Routing\Route->run(Object(Illuminate\Http\Request))
#7 [internal function]: Illuminate\Routing\Router->Illuminate\Routing\{closure}(Object(Illuminate\Http\Request))
#8 /var/www/html/scm/vendor/laravel/framework/src/Illuminate/Pipeline/Pipeline.php(139): call_user_func(Object(Closure), Object(Illuminate\Http\Request))
#9 [internal function]: Illuminate\Pipeline\Pipeline->Illuminate\Pipeline\{closure}(Object(Illuminate\Http\Request))
#10 /var/www/html/scm/vendor/laravel/framework/src/Illuminate/Pipeline/Pipeline.php(103): call_user_func(Object(Closure), Object(Illuminate\Http\Request))
#11 /var/www/html/scm/vendor/laravel/framework/src/Illuminate/Routing/Router.php(706): Illuminate\Pipeline\Pipeline->then(Object(Closure))
#12 /var/www/html/scm/vendor/laravel/framework/src/Illuminate/Routing/Router.php(671): Illuminate\Routing\Router->runRouteWithinStack(Object(Illuminate\Routing\Route), Object(Illuminate\Http\Request))
#13 /var/www/html/scm/vendor/laravel/framework/src/Illuminate/Routing/Router.php(631): Illuminate\Routing\Router->dispatchToRoute(Object(Illuminate\Http\Request))
#14 /var/www/html/scm/vendor/laravel/framework/src/Illuminate/Foundation/Http/Kernel.php(236): Illuminate\Routing\Router->dispatch(Object(Illuminate\Http\Request))
#15 [internal function]: Illuminate\Foundation\Http\Kernel->Illuminate\Foundation\Http\{closure}(Object(Illuminate\Http\Request))
#16 /var/www/html/scm/vendor/laravel/framework/src/Illuminate/Pipeline/Pipeline.php(139): call_user_func(Object(Closure), Object(Illuminate\Http\Request))
#17 /var/www/html/scm/vendor/laravel/framework/src/Illuminate/Foundation/Http/Middleware/VerifyCsrfToken.php(50): Illuminate\Pipeline\Pipeline->Illuminate\Pipeline\{closure}(Object(Illuminate\Http\Request))
#18 [internal function]: Illuminate\Foundation\Http\Middleware\VerifyCsrfToken->handle(Object(Illuminate\Http\Request), Object(Closure))
#19 /var/www/html/scm/vendor/laravel/framework/src/Illuminate/Pipeline/Pipeline.php(124): call_user_func_array(Array, Array)
#20 /var/www/html/scm/vendor/laravel/framework/src/Illuminate/View/Middleware/ShareErrorsFromSession.php(49): Illuminate\Pipeline\Pipeline->Illuminate\Pipeline\{closure}(Object(Illuminate\Http\Request))
#21 [internal function]: Illuminate\View\Middleware\ShareErrorsFromSession->handle(Object(Illuminate\Http\Request), Object(Closure))
#22 /var/www/html/scm/vendor/laravel/framework/src/Illuminate/Pipeline/Pipeline.php(124): call_user_func_array(Array, Array)
#23 /var/www/html/scm/vendor/laravel/framework/src/Illuminate/Session/Middleware/StartSession.php(62): Illuminate\Pipeline\Pipeline->Illuminate\Pipeline\{closure}(Object(Illuminate\Http\Request))
#24 [internal function]: Illuminate\Session\Middleware\StartSession->handle(Object(Illuminate\Http\Request), Object(Closure))
#25 /var/www/html/scm/vendor/laravel/framework/src/Illuminate/Pipeline/Pipeline.php(124): call_user_func_array(Array, Array)
#26 /var/www/html/scm/vendor/laravel/framework/src/Illuminate/Cookie/Middleware/AddQueuedCookiesToResponse.php(37): Illuminate\Pipeline\Pipeline->Illuminate\Pipeline\{closure}(Object(Illuminate\Http\Request))
#27 [internal function]: Illuminate\Cookie\Middleware\AddQueuedCookiesToResponse->handle(Object(Illuminate\Http\Request), Object(Closure))
#28 /var/www/html/scm/vendor/laravel/framework/src/Illuminate/Pipeline/Pipeline.php(124): call_user_func_array(Array, Array)
#29 /var/www/html/scm/vendor/laravel/framework/src/Illuminate/Cookie/Middleware/EncryptCookies.php(59): Illuminate\Pipeline\Pipeline->Illuminate\Pipeline\{closure}(Object(Illuminate\Http\Request))
#30 [internal function]: Illuminate\Cookie\Middleware\EncryptCookies->handle(Object(Illuminate\Http\Request), Object(Closure))
#31 /var/www/html/scm/vendor/laravel/framework/src/Illuminate/Pipeline/Pipeline.php(124): call_user_func_array(Array, Array)
#32 /var/www/html/scm/vendor/laravel/framework/src/Illuminate/Foundation/Http/Middleware/CheckForMaintenanceMode.php(42): Illuminate\Pipeline\Pipeline->Illuminate\Pipeline\{closure}(Object(Illuminate\Http\Request))
#33 [internal function]: Illuminate\Foundation\Http\Middleware\CheckForMaintenanceMode->handle(Object(Illuminate\Http\Request), Object(Closure))
#34 /var/www/html/scm/vendor/laravel/framework/src/Illuminate/Pipeline/Pipeline.php(124): call_user_func_array(Array, Array)
#35 [internal function]: Illuminate\Pipeline\Pipeline->Illuminate\Pipeline\{closure}(Object(Illuminate\Http\Request))
#36 /var/www/html/scm/vendor/laravel/framework/src/Illuminate/Pipeline/Pipeline.php(103): call_user_func(Object(Closure), Object(Illuminate\Http\Request))
#37 /var/www/html/scm/vendor/laravel/framework/src/Illuminate/Foundation/Http/Kernel.php(122): Illuminate\Pipeline\Pipeline->then(Object(Closure))
#38 /var/www/html/scm/vendor/laravel/framework/src/Illuminate/Foundation/Http/Kernel.php(87): Illuminate\Foundation\Http\Kernel->sendRequestThroughRouter(Object(Illuminate\Http\Request))
#39 /var/www/html/scm/public/index.php(54): Illuminate\Foundation\Http\Kernel->handle(Object(Illuminate\Http\Request))
#40 /var/www/html/scm/server.php(21): require_once('/var/www/html/s...')
#41 {main}  
[2015-11-02 23:25:14] local.ERROR: exception 'RuntimeException' with message 'No supported encrypter found. The cipher and / or key length are invalid.' in /var/www/html/scm/vendor/laravel/framework/src/Illuminate/Encryption/EncryptionServiceProvider.php:29
Stack trace:
#0 /var/www/html/scm/vendor/laravel/framework/src/Illuminate/Container/Container.php(734): Illuminate\Encryption\EncryptionServiceProvider->Illuminate\Encryption\{closure}(Object(Illuminate\Foundation\Application), Array)
#1 /var/www/html/scm/vendor/laravel/framework/src/Illuminate/Container/Container.php(627): Illuminate\Container\Container->build(Object(Closure), Array)
#2 /var/www/html/scm/vendor/laravel/framework/src/Illuminate/Foundation/Application.php(674): Illuminate\Container\Container->make('encrypter', Array)
#3 /var/www/html/scm/vendor/laravel/framework/src/Illuminate/Container/Container.php(838): Illuminate\Foundation\Application->make('Illuminate\Cont...')
#4 /var/www/html/scm/vendor/laravel/framework/src/Illuminate/Container/Container.php(801): Illuminate\Container\Container->resolveClass(Object(ReflectionParameter))
#5 /var/www/html/scm/vendor/laravel/framework/src/Illuminate/Container/Container.php(772): Illuminate\Container\Container->getDependencies(Array, Array)
#6 /var/www/html/scm/vendor/laravel/framework/src/Illuminate/Container/Container.php(627): Illuminate\Container\Container->build('App\Http\Middle...', Array)
#7 /var/www/html/scm/vendor/laravel/framework/src/Illuminate/Foundation/Application.php(674): Illuminate\Container\Container->make('App\Http\Middle...', Array)
#8 /var/www/html/scm/vendor/laravel/framework/src/Illuminate/Pipeline/Pipeline.php(123): Illuminate\Foundation\Application->make('App\Http\Middle...')
#9 /var/www/html/scm/vendor/laravel/framework/src/Illuminate/Foundation/Http/Middleware/CheckForMaintenanceMode.php(42): Illuminate\Pipeline\Pipeline->Illuminate\Pipeline\{closure}(Object(Illuminate\Http\Request))
#10 [internal function]: Illuminate\Foundation\Http\Middleware\CheckForMaintenanceMode->handle(Object(Illuminate\Http\Request), Object(Closure))
#11 /var/www/html/scm/vendor/laravel/framework/src/Illuminate/Pipeline/Pipeline.php(124): call_user_func_array(Array, Array)
#12 [internal function]: Illuminate\Pipeline\Pipeline->Illuminate\Pipeline\{closure}(Object(Illuminate\Http\Request))
#13 /var/www/html/scm/vendor/laravel/framework/src/Illuminate/Pipeline/Pipeline.php(103): call_user_func(Object(Closure), Object(Illuminate\Http\Request))
#14 /var/www/html/scm/vendor/laravel/framework/src/Illuminate/Foundation/Http/Kernel.php(122): Illuminate\Pipeline\Pipeline->then(Object(Closure))
#15 /var/www/html/scm/vendor/laravel/framework/src/Illuminate/Foundation/Http/Kernel.php(87): Illuminate\Foundation\Http\Kernel->sendRequestThroughRouter(Object(Illuminate\Http\Request))
#16 /var/www/html/scm/public/index.php(54): Illuminate\Foundation\Http\Kernel->handle(Object(Illuminate\Http\Request))
#17 /var/www/html/scm/server.php(21): require_once('/var/www/html/s...')
#18 {main}  
[2015-11-02 23:25:14] local.ERROR: exception 'RuntimeException' with message 'No supported encrypter found. The cipher and / or key length are invalid.' in /var/www/html/scm/vendor/laravel/framework/src/Illuminate/Encryption/EncryptionServiceProvider.php:29
Stack trace:
#0 /var/www/html/scm/vendor/laravel/framework/src/Illuminate/Container/Container.php(734): Illuminate\Encryption\EncryptionServiceProvider->Illuminate\Encryption\{closure}(Object(Illuminate\Foundation\Application), Array)
#1 /var/www/html/scm/vendor/laravel/framework/src/Illuminate/Container/Container.php(627): Illuminate\Container\Container->build(Object(Closure), Array)
#2 /var/www/html/scm/vendor/laravel/framework/src/Illuminate/Foundation/Application.php(674): Illuminate\Container\Container->make('encrypter', Array)
#3 /var/www/html/scm/vendor/laravel/framework/src/Illuminate/Container/Container.php(838): Illuminate\Foundation\Application->make('Illuminate\Cont...')
#4 /var/www/html/scm/vendor/laravel/framework/src/Illuminate/Container/Container.php(801): Illuminate\Container\Container->resolveClass(Object(ReflectionParameter))
#5 /var/www/html/scm/vendor/laravel/framework/src/Illuminate/Container/Container.php(772): Illuminate\Container\Container->getDependencies(Array, Array)
#6 /var/www/html/scm/vendor/laravel/framework/src/Illuminate/Container/Container.php(627): Illuminate\Container\Container->build('App\Http\Middle...', Array)
#7 /var/www/html/scm/vendor/laravel/framework/src/Illuminate/Foundation/Application.php(674): Illuminate\Container\Container->make('App\Http\Middle...', Array)
#8 /var/www/html/scm/vendor/laravel/framework/src/Illuminate/Foundation/Http/Kernel.php(142): Illuminate\Foundation\Application->make('App\Http\Middle...')
#9 /var/www/html/scm/public/index.php(58): Illuminate\Foundation\Http\Kernel->terminate(Object(Illuminate\Http\Request), Object(Illuminate\Http\Response))
#10 /var/www/html/scm/server.php(21): require_once('/var/www/html/s...')
#11 {main}  
[2015-11-02 23:25:14] local.ERROR: exception 'RuntimeException' with message 'No supported encrypter found. The cipher and / or key length are invalid.' in /var/www/html/scm/vendor/laravel/framework/src/Illuminate/Encryption/EncryptionServiceProvider.php:29
Stack trace:
#0 /var/www/html/scm/vendor/laravel/framework/src/Illuminate/Container/Container.php(734): Illuminate\Encryption\EncryptionServiceProvider->Illuminate\Encryption\{closure}(Object(Illuminate\Foundation\Application), Array)
#1 /var/www/html/scm/vendor/laravel/framework/src/Illuminate/Container/Container.php(627): Illuminate\Container\Container->build(Object(Closure), Array)
#2 /var/www/html/scm/vendor/laravel/framework/src/Illuminate/Foundation/Application.php(674): Illuminate\Container\Container->make('encrypter', Array)
#3 /var/www/html/scm/vendor/laravel/framework/src/Illuminate/Container/Container.php(838): Illuminate\Foundation\Application->make('Illuminate\Cont...')
#4 /var/www/html/scm/vendor/laravel/framework/src/Illuminate/Container/Container.php(801): Illuminate\Container\Container->resolveClass(Object(ReflectionParameter))
#5 /var/www/html/scm/vendor/laravel/framework/src/Illuminate/Container/Container.php(772): Illuminate\Container\Container->getDependencies(Array, Array)
#6 /var/www/html/scm/vendor/laravel/framework/src/Illuminate/Container/Container.php(627): Illuminate\Container\Container->build('App\Http\Middle...', Array)
#7 /var/www/html/scm/vendor/laravel/framework/src/Illuminate/Foundation/Application.php(674): Illuminate\Container\Container->make('App\Http\Middle...', Array)
#8 /var/www/html/scm/vendor/laravel/framework/src/Illuminate/Pipeline/Pipeline.php(123): Illuminate\Foundation\Application->make('App\Http\Middle...')
#9 /var/www/html/scm/vendor/laravel/framework/src/Illuminate/Foundation/Http/Middleware/CheckForMaintenanceMode.php(42): Illuminate\Pipeline\Pipeline->Illuminate\Pipeline\{closure}(Object(Illuminate\Http\Request))
#10 [internal function]: Illuminate\Foundation\Http\Middleware\CheckForMaintenanceMode->handle(Object(Illuminate\Http\Request), Object(Closure))
#11 /var/www/html/scm/vendor/laravel/framework/src/Illuminate/Pipeline/Pipeline.php(124): call_user_func_array(Array, Array)
#12 [internal function]: Illuminate\Pipeline\Pipeline->Illuminate\Pipeline\{closure}(Object(Illuminate\Http\Request))
#13 /var/www/html/scm/vendor/laravel/framework/src/Illuminate/Pipeline/Pipeline.php(103): call_user_func(Object(Closure), Object(Illuminate\Http\Request))
#14 /var/www/html/scm/vendor/laravel/framework/src/Illuminate/Foundation/Http/Kernel.php(122): Illuminate\Pipeline\Pipeline->then(Object(Closure))
#15 /var/www/html/scm/vendor/laravel/framework/src/Illuminate/Foundation/Http/Kernel.php(87): Illuminate\Foundation\Http\Kernel->sendRequestThroughRouter(Object(Illuminate\Http\Request))
#16 /var/www/html/scm/public/index.php(54): Illuminate\Foundation\Http\Kernel->handle(Object(Illuminate\Http\Request))
#17 /var/www/html/scm/server.php(21): require_once('/var/www/html/s...')
#18 {main}  
[2015-11-02 23:25:14] local.ERROR: exception 'RuntimeException' with message 'No supported encrypter found. The cipher and / or key length are invalid.' in /var/www/html/scm/vendor/laravel/framework/src/Illuminate/Encryption/EncryptionServiceProvider.php:29
Stack trace:
#0 /var/www/html/scm/vendor/laravel/framework/src/Illuminate/Container/Container.php(734): Illuminate\Encryption\EncryptionServiceProvider->Illuminate\Encryption\{closure}(Object(Illuminate\Foundation\Application), Array)
#1 /var/www/html/scm/vendor/laravel/framework/src/Illuminate/Container/Container.php(627): Illuminate\Container\Container->build(Object(Closure), Array)
#2 /var/www/html/scm/vendor/laravel/framework/src/Illuminate/Foundation/Application.php(674): Illuminate\Container\Container->make('encrypter', Array)
#3 /var/www/html/scm/vendor/laravel/framework/src/Illuminate/Container/Container.php(838): Illuminate\Foundation\Application->make('Illuminate\Cont...')
#4 /var/www/html/scm/vendor/laravel/framework/src/Illuminate/Container/Container.php(801): Illuminate\Container\Container->resolveClass(Object(ReflectionParameter))
#5 /var/www/html/scm/vendor/laravel/framework/src/Illuminate/Container/Container.php(772): Illuminate\Container\Container->getDependencies(Array, Array)
#6 /var/www/html/scm/vendor/laravel/framework/src/Illuminate/Container/Container.php(627): Illuminate\Container\Container->build('App\Http\Middle...', Array)
#7 /var/www/html/scm/vendor/laravel/framework/src/Illuminate/Foundation/Application.php(674): Illuminate\Container\Container->make('App\Http\Middle...', Array)
#8 /var/www/html/scm/vendor/laravel/framework/src/Illuminate/Foundation/Http/Kernel.php(142): Illuminate\Foundation\Application->make('App\Http\Middle...')
#9 /var/www/html/scm/public/index.php(58): Illuminate\Foundation\Http\Kernel->terminate(Object(Illuminate\Http\Request), Object(Illuminate\Http\Response))
#10 /var/www/html/scm/server.php(21): require_once('/var/www/html/s...')
#11 {main}  
[2015-11-02 23:25:33] local.ERROR: exception 'RuntimeException' with message 'No supported encrypter found. The cipher and / or key length are invalid.' in /var/www/html/scm/vendor/laravel/framework/src/Illuminate/Encryption/EncryptionServiceProvider.php:29
Stack trace:
#0 /var/www/html/scm/vendor/laravel/framework/src/Illuminate/Container/Container.php(734): Illuminate\Encryption\EncryptionServiceProvider->Illuminate\Encryption\{closure}(Object(Illuminate\Foundation\Application), Array)
#1 /var/www/html/scm/vendor/laravel/framework/src/Illuminate/Container/Container.php(627): Illuminate\Container\Container->build(Object(Closure), Array)
#2 /var/www/html/scm/vendor/laravel/framework/src/Illuminate/Foundation/Application.php(674): Illuminate\Container\Container->make('encrypter', Array)
#3 /var/www/html/scm/vendor/laravel/framework/src/Illuminate/Container/Container.php(838): Illuminate\Foundation\Application->make('Illuminate\Cont...')
#4 /var/www/html/scm/vendor/laravel/framework/src/Illuminate/Container/Container.php(801): Illuminate\Container\Container->resolveClass(Object(ReflectionParameter))
#5 /var/www/html/scm/vendor/laravel/framework/src/Illuminate/Container/Container.php(772): Illuminate\Container\Container->getDependencies(Array, Array)
#6 /var/www/html/scm/vendor/laravel/framework/src/Illuminate/Container/Container.php(627): Illuminate\Container\Container->build('App\Http\Middle...', Array)
#7 /var/www/html/scm/vendor/laravel/framework/src/Illuminate/Foundation/Application.php(674): Illuminate\Container\Container->make('App\Http\Middle...', Array)
#8 /var/www/html/scm/vendor/laravel/framework/src/Illuminate/Pipeline/Pipeline.php(123): Illuminate\Foundation\Application->make('App\Http\Middle...')
#9 /var/www/html/scm/vendor/laravel/framework/src/Illuminate/Foundation/Http/Middleware/CheckForMaintenanceMode.php(42): Illuminate\Pipeline\Pipeline->Illuminate\Pipeline\{closure}(Object(Illuminate\Http\Request))
#10 [internal function]: Illuminate\Foundation\Http\Middleware\CheckForMaintenanceMode->handle(Object(Illuminate\Http\Request), Object(Closure))
#11 /var/www/html/scm/vendor/laravel/framework/src/Illuminate/Pipeline/Pipeline.php(124): call_user_func_array(Array, Array)
#12 [internal function]: Illuminate\Pipeline\Pipeline->Illuminate\Pipeline\{closure}(Object(Illuminate\Http\Request))
#13 /var/www/html/scm/vendor/laravel/framework/src/Illuminate/Pipeline/Pipeline.php(103): call_user_func(Object(Closure), Object(Illuminate\Http\Request))
#14 /var/www/html/scm/vendor/laravel/framework/src/Illuminate/Foundation/Http/Kernel.php(122): Illuminate\Pipeline\Pipeline->then(Object(Closure))
#15 /var/www/html/scm/vendor/laravel/framework/src/Illuminate/Foundation/Http/Kernel.php(87): Illuminate\Foundation\Http\Kernel->sendRequestThroughRouter(Object(Illuminate\Http\Request))
#16 /var/www/html/scm/public/index.php(54): Illuminate\Foundation\Http\Kernel->handle(Object(Illuminate\Http\Request))
#17 /var/www/html/scm/server.php(21): require_once('/var/www/html/s...')
#18 {main}  
[2015-11-02 23:25:33] local.ERROR: exception 'RuntimeException' with message 'No supported encrypter found. The cipher and / or key length are invalid.' in /var/www/html/scm/vendor/laravel/framework/src/Illuminate/Encryption/EncryptionServiceProvider.php:29
Stack trace:
#0 /var/www/html/scm/vendor/laravel/framework/src/Illuminate/Container/Container.php(734): Illuminate\Encryption\EncryptionServiceProvider->Illuminate\Encryption\{closure}(Object(Illuminate\Foundation\Application), Array)
#1 /var/www/html/scm/vendor/laravel/framework/src/Illuminate/Container/Container.php(627): Illuminate\Container\Container->build(Object(Closure), Array)
#2 /var/www/html/scm/vendor/laravel/framework/src/Illuminate/Foundation/Application.php(674): Illuminate\Container\Container->make('encrypter', Array)
#3 /var/www/html/scm/vendor/laravel/framework/src/Illuminate/Container/Container.php(838): Illuminate\Foundation\Application->make('Illuminate\Cont...')
#4 /var/www/html/scm/vendor/laravel/framework/src/Illuminate/Container/Container.php(801): Illuminate\Container\Container->resolveClass(Object(ReflectionParameter))
#5 /var/www/html/scm/vendor/laravel/framework/src/Illuminate/Container/Container.php(772): Illuminate\Container\Container->getDependencies(Array, Array)
#6 /var/www/html/scm/vendor/laravel/framework/src/Illuminate/Container/Container.php(627): Illuminate\Container\Container->build('App\Http\Middle...', Array)
#7 /var/www/html/scm/vendor/laravel/framework/src/Illuminate/Foundation/Application.php(674): Illuminate\Container\Container->make('App\Http\Middle...', Array)
#8 /var/www/html/scm/vendor/laravel/framework/src/Illuminate/Foundation/Http/Kernel.php(142): Illuminate\Foundation\Application->make('App\Http\Middle...')
#9 /var/www/html/scm/public/index.php(58): Illuminate\Foundation\Http\Kernel->terminate(Object(Illuminate\Http\Request), Object(Illuminate\Http\Response))
#10 /var/www/html/scm/server.php(21): require_once('/var/www/html/s...')
#11 {main}  
[2015-11-02 23:25:35] local.ERROR: exception 'RuntimeException' with message 'No supported encrypter found. The cipher and / or key length are invalid.' in /var/www/html/scm/vendor/laravel/framework/src/Illuminate/Encryption/EncryptionServiceProvider.php:29
Stack trace:
#0 /var/www/html/scm/vendor/laravel/framework/src/Illuminate/Container/Container.php(734): Illuminate\Encryption\EncryptionServiceProvider->Illuminate\Encryption\{closure}(Object(Illuminate\Foundation\Application), Array)
#1 /var/www/html/scm/vendor/laravel/framework/src/Illuminate/Container/Container.php(627): Illuminate\Container\Container->build(Object(Closure), Array)
#2 /var/www/html/scm/vendor/laravel/framework/src/Illuminate/Foundation/Application.php(674): Illuminate\Container\Container->make('encrypter', Array)
#3 /var/www/html/scm/vendor/laravel/framework/src/Illuminate/Container/Container.php(838): Illuminate\Foundation\Application->make('Illuminate\Cont...')
#4 /var/www/html/scm/vendor/laravel/framework/src/Illuminate/Container/Container.php(801): Illuminate\Container\Container->resolveClass(Object(ReflectionParameter))
#5 /var/www/html/scm/vendor/laravel/framework/src/Illuminate/Container/Container.php(772): Illuminate\Container\Container->getDependencies(Array, Array)
#6 /var/www/html/scm/vendor/laravel/framework/src/Illuminate/Container/Container.php(627): Illuminate\Container\Container->build('App\Http\Middle...', Array)
#7 /var/www/html/scm/vendor/laravel/framework/src/Illuminate/Foundation/Application.php(674): Illuminate\Container\Container->make('App\Http\Middle...', Array)
#8 /var/www/html/scm/vendor/laravel/framework/src/Illuminate/Pipeline/Pipeline.php(123): Illuminate\Foundation\Application->make('App\Http\Middle...')
#9 /var/www/html/scm/vendor/laravel/framework/src/Illuminate/Foundation/Http/Middleware/CheckForMaintenanceMode.php(42): Illuminate\Pipeline\Pipeline->Illuminate\Pipeline\{closure}(Object(Illuminate\Http\Request))
#10 [internal function]: Illuminate\Foundation\Http\Middleware\CheckForMaintenanceMode->handle(Object(Illuminate\Http\Request), Object(Closure))
#11 /var/www/html/scm/vendor/laravel/framework/src/Illuminate/Pipeline/Pipeline.php(124): call_user_func_array(Array, Array)
#12 [internal function]: Illuminate\Pipeline\Pipeline->Illuminate\Pipeline\{closure}(Object(Illuminate\Http\Request))
#13 /var/www/html/scm/vendor/laravel/framework/src/Illuminate/Pipeline/Pipeline.php(103): call_user_func(Object(Closure), Object(Illuminate\Http\Request))
#14 /var/www/html/scm/vendor/laravel/framework/src/Illuminate/Foundation/Http/Kernel.php(122): Illuminate\Pipeline\Pipeline->then(Object(Closure))
#15 /var/www/html/scm/vendor/laravel/framework/src/Illuminate/Foundation/Http/Kernel.php(87): Illuminate\Foundation\Http\Kernel->sendRequestThroughRouter(Object(Illuminate\Http\Request))
#16 /var/www/html/scm/public/index.php(54): Illuminate\Foundation\Http\Kernel->handle(Object(Illuminate\Http\Request))
#17 /var/www/html/scm/server.php(21): require_once('/var/www/html/s...')
#18 {main}  
[2015-11-02 23:25:35] local.ERROR: exception 'RuntimeException' with message 'No supported encrypter found. The cipher and / or key length are invalid.' in /var/www/html/scm/vendor/laravel/framework/src/Illuminate/Encryption/EncryptionServiceProvider.php:29
Stack trace:
#0 /var/www/html/scm/vendor/laravel/framework/src/Illuminate/Container/Container.php(734): Illuminate\Encryption\EncryptionServiceProvider->Illuminate\Encryption\{closure}(Object(Illuminate\Foundation\Application), Array)
#1 /var/www/html/scm/vendor/laravel/framework/src/Illuminate/Container/Container.php(627): Illuminate\Container\Container->build(Object(Closure), Array)
#2 /var/www/html/scm/vendor/laravel/framework/src/Illuminate/Foundation/Application.php(674): Illuminate\Container\Container->make('encrypter', Array)
#3 /var/www/html/scm/vendor/laravel/framework/src/Illuminate/Container/Container.php(838): Illuminate\Foundation\Application->make('Illuminate\Cont...')
#4 /var/www/html/scm/vendor/laravel/framework/src/Illuminate/Container/Container.php(801): Illuminate\Container\Container->resolveClass(Object(ReflectionParameter))
#5 /var/www/html/scm/vendor/laravel/framework/src/Illuminate/Container/Container.php(772): Illuminate\Container\Container->getDependencies(Array, Array)
#6 /var/www/html/scm/vendor/laravel/framework/src/Illuminate/Container/Container.php(627): Illuminate\Container\Container->build('App\Http\Middle...', Array)
#7 /var/www/html/scm/vendor/laravel/framework/src/Illuminate/Foundation/Application.php(674): Illuminate\Container\Container->make('App\Http\Middle...', Array)
#8 /var/www/html/scm/vendor/laravel/framework/src/Illuminate/Foundation/Http/Kernel.php(142): Illuminate\Foundation\Application->make('App\Http\Middle...')
#9 /var/www/html/scm/public/index.php(58): Illuminate\Foundation\Http\Kernel->terminate(Object(Illuminate\Http\Request), Object(Illuminate\Http\Response))
#10 /var/www/html/scm/server.php(21): require_once('/var/www/html/s...')
#11 {main}  
[2015-11-02 23:25:58] local.ERROR: exception 'RuntimeException' with message 'No supported encrypter found. The cipher and / or key length are invalid.' in /var/www/html/scm/vendor/laravel/framework/src/Illuminate/Encryption/EncryptionServiceProvider.php:29
Stack trace:
#0 /var/www/html/scm/vendor/laravel/framework/src/Illuminate/Container/Container.php(734): Illuminate\Encryption\EncryptionServiceProvider->Illuminate\Encryption\{closure}(Object(Illuminate\Foundation\Application), Array)
#1 /var/www/html/scm/vendor/laravel/framework/src/Illuminate/Container/Container.php(627): Illuminate\Container\Container->build(Object(Closure), Array)
#2 /var/www/html/scm/vendor/laravel/framework/src/Illuminate/Foundation/Application.php(674): Illuminate\Container\Container->make('encrypter', Array)
#3 /var/www/html/scm/vendor/laravel/framework/src/Illuminate/Container/Container.php(838): Illuminate\Foundation\Application->make('Illuminate\Cont...')
#4 /var/www/html/scm/vendor/laravel/framework/src/Illuminate/Container/Container.php(801): Illuminate\Container\Container->resolveClass(Object(ReflectionParameter))
#5 /var/www/html/scm/vendor/laravel/framework/src/Illuminate/Container/Container.php(772): Illuminate\Container\Container->getDependencies(Array, Array)
#6 /var/www/html/scm/vendor/laravel/framework/src/Illuminate/Container/Container.php(627): Illuminate\Container\Container->build('App\Http\Middle...', Array)
#7 /var/www/html/scm/vendor/laravel/framework/src/Illuminate/Foundation/Application.php(674): Illuminate\Container\Container->make('App\Http\Middle...', Array)
#8 /var/www/html/scm/vendor/laravel/framework/src/Illuminate/Pipeline/Pipeline.php(123): Illuminate\Foundation\Application->make('App\Http\Middle...')
#9 /var/www/html/scm/vendor/laravel/framework/src/Illuminate/Foundation/Http/Middleware/CheckForMaintenanceMode.php(42): Illuminate\Pipeline\Pipeline->Illuminate\Pipeline\{closure}(Object(Illuminate\Http\Request))
#10 [internal function]: Illuminate\Foundation\Http\Middleware\CheckForMaintenanceMode->handle(Object(Illuminate\Http\Request), Object(Closure))
#11 /var/www/html/scm/vendor/laravel/framework/src/Illuminate/Pipeline/Pipeline.php(124): call_user_func_array(Array, Array)
#12 [internal function]: Illuminate\Pipeline\Pipeline->Illuminate\Pipeline\{closure}(Object(Illuminate\Http\Request))
#13 /var/www/html/scm/vendor/laravel/framework/src/Illuminate/Pipeline/Pipeline.php(103): call_user_func(Object(Closure), Object(Illuminate\Http\Request))
#14 /var/www/html/scm/vendor/laravel/framework/src/Illuminate/Foundation/Http/Kernel.php(122): Illuminate\Pipeline\Pipeline->then(Object(Closure))
#15 /var/www/html/scm/vendor/laravel/framework/src/Illuminate/Foundation/Http/Kernel.php(87): Illuminate\Foundation\Http\Kernel->sendRequestThroughRouter(Object(Illuminate\Http\Request))
#16 /var/www/html/scm/public/index.php(54): Illuminate\Foundation\Http\Kernel->handle(Object(Illuminate\Http\Request))
#17 /var/www/html/scm/server.php(21): require_once('/var/www/html/s...')
#18 {main}  
[2015-11-02 23:25:58] local.ERROR: exception 'RuntimeException' with message 'No supported encrypter found. The cipher and / or key length are invalid.' in /var/www/html/scm/vendor/laravel/framework/src/Illuminate/Encryption/EncryptionServiceProvider.php:29
Stack trace:
#0 /var/www/html/scm/vendor/laravel/framework/src/Illuminate/Container/Container.php(734): Illuminate\Encryption\EncryptionServiceProvider->Illuminate\Encryption\{closure}(Object(Illuminate\Foundation\Application), Array)
#1 /var/www/html/scm/vendor/laravel/framework/src/Illuminate/Container/Container.php(627): Illuminate\Container\Container->build(Object(Closure), Array)
#2 /var/www/html/scm/vendor/laravel/framework/src/Illuminate/Foundation/Application.php(674): Illuminate\Container\Container->make('encrypter', Array)
#3 /var/www/html/scm/vendor/laravel/framework/src/Illuminate/Container/Container.php(838): Illuminate\Foundation\Application->make('Illuminate\Cont...')
#4 /var/www/html/scm/vendor/laravel/framework/src/Illuminate/Container/Container.php(801): Illuminate\Container\Container->resolveClass(Object(ReflectionParameter))
#5 /var/www/html/scm/vendor/laravel/framework/src/Illuminate/Container/Container.php(772): Illuminate\Container\Container->getDependencies(Array, Array)
#6 /var/www/html/scm/vendor/laravel/framework/src/Illuminate/Container/Container.php(627): Illuminate\Container\Container->build('App\Http\Middle...', Array)
#7 /var/www/html/scm/vendor/laravel/framework/src/Illuminate/Foundation/Application.php(674): Illuminate\Container\Container->make('App\Http\Middle...', Array)
#8 /var/www/html/scm/vendor/laravel/framework/src/Illuminate/Foundation/Http/Kernel.php(142): Illuminate\Foundation\Application->make('App\Http\Middle...')
#9 /var/www/html/scm/public/index.php(58): Illuminate\Foundation\Http\Kernel->terminate(Object(Illuminate\Http\Request), Object(Illuminate\Http\Response))
#10 /var/www/html/scm/server.php(21): require_once('/var/www/html/s...')
#11 {main}  
[2015-11-02 23:26:00] local.ERROR: exception 'RuntimeException' with message 'No supported encrypter found. The cipher and / or key length are invalid.' in /var/www/html/scm/vendor/laravel/framework/src/Illuminate/Encryption/EncryptionServiceProvider.php:29
Stack trace:
#0 /var/www/html/scm/vendor/laravel/framework/src/Illuminate/Container/Container.php(734): Illuminate\Encryption\EncryptionServiceProvider->Illuminate\Encryption\{closure}(Object(Illuminate\Foundation\Application), Array)
#1 /var/www/html/scm/vendor/laravel/framework/src/Illuminate/Container/Container.php(627): Illuminate\Container\Container->build(Object(Closure), Array)
#2 /var/www/html/scm/vendor/laravel/framework/src/Illuminate/Foundation/Application.php(674): Illuminate\Container\Container->make('encrypter', Array)
#3 /var/www/html/scm/vendor/laravel/framework/src/Illuminate/Container/Container.php(838): Illuminate\Foundation\Application->make('Illuminate\Cont...')
#4 /var/www/html/scm/vendor/laravel/framework/src/Illuminate/Container/Container.php(801): Illuminate\Container\Container->resolveClass(Object(ReflectionParameter))
#5 /var/www/html/scm/vendor/laravel/framework/src/Illuminate/Container/Container.php(772): Illuminate\Container\Container->getDependencies(Array, Array)
#6 /var/www/html/scm/vendor/laravel/framework/src/Illuminate/Container/Container.php(627): Illuminate\Container\Container->build('App\Http\Middle...', Array)
#7 /var/www/html/scm/vendor/laravel/framework/src/Illuminate/Foundation/Application.php(674): Illuminate\Container\Container->make('App\Http\Middle...', Array)
#8 /var/www/html/scm/vendor/laravel/framework/src/Illuminate/Pipeline/Pipeline.php(123): Illuminate\Foundation\Application->make('App\Http\Middle...')
#9 /var/www/html/scm/vendor/laravel/framework/src/Illuminate/Foundation/Http/Middleware/CheckForMaintenanceMode.php(42): Illuminate\Pipeline\Pipeline->Illuminate\Pipeline\{closure}(Object(Illuminate\Http\Request))
#10 [internal function]: Illuminate\Foundation\Http\Middleware\CheckForMaintenanceMode->handle(Object(Illuminate\Http\Request), Object(Closure))
#11 /var/www/html/scm/vendor/laravel/framework/src/Illuminate/Pipeline/Pipeline.php(124): call_user_func_array(Array, Array)
#12 [internal function]: Illuminate\Pipeline\Pipeline->Illuminate\Pipeline\{closure}(Object(Illuminate\Http\Request))
#13 /var/www/html/scm/vendor/laravel/framework/src/Illuminate/Pipeline/Pipeline.php(103): call_user_func(Object(Closure), Object(Illuminate\Http\Request))
#14 /var/www/html/scm/vendor/laravel/framework/src/Illuminate/Foundation/Http/Kernel.php(122): Illuminate\Pipeline\Pipeline->then(Object(Closure))
#15 /var/www/html/scm/vendor/laravel/framework/src/Illuminate/Foundation/Http/Kernel.php(87): Illuminate\Foundation\Http\Kernel->sendRequestThroughRouter(Object(Illuminate\Http\Request))
#16 /var/www/html/scm/public/index.php(54): Illuminate\Foundation\Http\Kernel->handle(Object(Illuminate\Http\Request))
#17 /var/www/html/scm/server.php(21): require_once('/var/www/html/s...')
#18 {main}  
[2015-11-02 23:26:00] local.ERROR: exception 'RuntimeException' with message 'No supported encrypter found. The cipher and / or key length are invalid.' in /var/www/html/scm/vendor/laravel/framework/src/Illuminate/Encryption/EncryptionServiceProvider.php:29
Stack trace:
#0 /var/www/html/scm/vendor/laravel/framework/src/Illuminate/Container/Container.php(734): Illuminate\Encryption\EncryptionServiceProvider->Illuminate\Encryption\{closure}(Object(Illuminate\Foundation\Application), Array)
#1 /var/www/html/scm/vendor/laravel/framework/src/Illuminate/Container/Container.php(627): Illuminate\Container\Container->build(Object(Closure), Array)
#2 /var/www/html/scm/vendor/laravel/framework/src/Illuminate/Foundation/Application.php(674): Illuminate\Container\Container->make('encrypter', Array)
#3 /var/www/html/scm/vendor/laravel/framework/src/Illuminate/Container/Container.php(838): Illuminate\Foundation\Application->make('Illuminate\Cont...')
#4 /var/www/html/scm/vendor/laravel/framework/src/Illuminate/Container/Container.php(801): Illuminate\Container\Container->resolveClass(Object(ReflectionParameter))
#5 /var/www/html/scm/vendor/laravel/framework/src/Illuminate/Container/Container.php(772): Illuminate\Container\Container->getDependencies(Array, Array)
#6 /var/www/html/scm/vendor/laravel/framework/src/Illuminate/Container/Container.php(627): Illuminate\Container\Container->build('App\Http\Middle...', Array)
#7 /var/www/html/scm/vendor/laravel/framework/src/Illuminate/Foundation/Application.php(674): Illuminate\Container\Container->make('App\Http\Middle...', Array)
#8 /var/www/html/scm/vendor/laravel/framework/src/Illuminate/Foundation/Http/Kernel.php(142): Illuminate\Foundation\Application->make('App\Http\Middle...')
#9 /var/www/html/scm/public/index.php(58): Illuminate\Foundation\Http\Kernel->terminate(Object(Illuminate\Http\Request), Object(Illuminate\Http\Response))
#10 /var/www/html/scm/server.php(21): require_once('/var/www/html/s...')
#11 {main}  
[2015-11-02 23:26:45] local.ERROR: exception 'RuntimeException' with message 'No supported encrypter found. The cipher and / or key length are invalid.' in /var/www/html/scm/vendor/laravel/framework/src/Illuminate/Encryption/EncryptionServiceProvider.php:29
Stack trace:
#0 /var/www/html/scm/vendor/laravel/framework/src/Illuminate/Container/Container.php(734): Illuminate\Encryption\EncryptionServiceProvider->Illuminate\Encryption\{closure}(Object(Illuminate\Foundation\Application), Array)
#1 /var/www/html/scm/vendor/laravel/framework/src/Illuminate/Container/Container.php(627): Illuminate\Container\Container->build(Object(Closure), Array)
#2 /var/www/html/scm/vendor/laravel/framework/src/Illuminate/Foundation/Application.php(674): Illuminate\Container\Container->make('encrypter', Array)
#3 /var/www/html/scm/vendor/laravel/framework/src/Illuminate/Container/Container.php(838): Illuminate\Foundation\Application->make('Illuminate\Cont...')
#4 /var/www/html/scm/vendor/laravel/framework/src/Illuminate/Container/Container.php(801): Illuminate\Container\Container->resolveClass(Object(ReflectionParameter))
#5 /var/www/html/scm/vendor/laravel/framework/src/Illuminate/Container/Container.php(772): Illuminate\Container\Container->getDependencies(Array, Array)
#6 /var/www/html/scm/vendor/laravel/framework/src/Illuminate/Container/Container.php(627): Illuminate\Container\Container->build('App\Http\Middle...', Array)
#7 /var/www/html/scm/vendor/laravel/framework/src/Illuminate/Foundation/Application.php(674): Illuminate\Container\Container->make('App\Http\Middle...', Array)
#8 /var/www/html/scm/vendor/laravel/framework/src/Illuminate/Pipeline/Pipeline.php(123): Illuminate\Foundation\Application->make('App\Http\Middle...')
#9 /var/www/html/scm/vendor/laravel/framework/src/Illuminate/Foundation/Http/Middleware/CheckForMaintenanceMode.php(42): Illuminate\Pipeline\Pipeline->Illuminate\Pipeline\{closure}(Object(Illuminate\Http\Request))
#10 [internal function]: Illuminate\Foundation\Http\Middleware\CheckForMaintenanceMode->handle(Object(Illuminate\Http\Request), Object(Closure))
#11 /var/www/html/scm/vendor/laravel/framework/src/Illuminate/Pipeline/Pipeline.php(124): call_user_func_array(Array, Array)
#12 [internal function]: Illuminate\Pipeline\Pipeline->Illuminate\Pipeline\{closure}(Object(Illuminate\Http\Request))
#13 /var/www/html/scm/vendor/laravel/framework/src/Illuminate/Pipeline/Pipeline.php(103): call_user_func(Object(Closure), Object(Illuminate\Http\Request))
#14 /var/www/html/scm/vendor/laravel/framework/src/Illuminate/Foundation/Http/Kernel.php(122): Illuminate\Pipeline\Pipeline->then(Object(Closure))
#15 /var/www/html/scm/vendor/laravel/framework/src/Illuminate/Foundation/Http/Kernel.php(87): Illuminate\Foundation\Http\Kernel->sendRequestThroughRouter(Object(Illuminate\Http\Request))
#16 /var/www/html/scm/public/index.php(54): Illuminate\Foundation\Http\Kernel->handle(Object(Illuminate\Http\Request))
#17 /var/www/html/scm/server.php(21): require_once('/var/www/html/s...')
#18 {main}  
[2015-11-02 23:26:45] local.ERROR: exception 'RuntimeException' with message 'No supported encrypter found. The cipher and / or key length are invalid.' in /var/www/html/scm/vendor/laravel/framework/src/Illuminate/Encryption/EncryptionServiceProvider.php:29
Stack trace:
#0 /var/www/html/scm/vendor/laravel/framework/src/Illuminate/Container/Container.php(734): Illuminate\Encryption\EncryptionServiceProvider->Illuminate\Encryption\{closure}(Object(Illuminate\Foundation\Application), Array)
#1 /var/www/html/scm/vendor/laravel/framework/src/Illuminate/Container/Container.php(627): Illuminate\Container\Container->build(Object(Closure), Array)
#2 /var/www/html/scm/vendor/laravel/framework/src/Illuminate/Foundation/Application.php(674): Illuminate\Container\Container->make('encrypter', Array)
#3 /var/www/html/scm/vendor/laravel/framework/src/Illuminate/Container/Container.php(838): Illuminate\Foundation\Application->make('Illuminate\Cont...')
#4 /var/www/html/scm/vendor/laravel/framework/src/Illuminate/Container/Container.php(801): Illuminate\Container\Container->resolveClass(Object(ReflectionParameter))
#5 /var/www/html/scm/vendor/laravel/framework/src/Illuminate/Container/Container.php(772): Illuminate\Container\Container->getDependencies(Array, Array)
#6 /var/www/html/scm/vendor/laravel/framework/src/Illuminate/Container/Container.php(627): Illuminate\Container\Container->build('App\Http\Middle...', Array)
#7 /var/www/html/scm/vendor/laravel/framework/src/Illuminate/Foundation/Application.php(674): Illuminate\Container\Container->make('App\Http\Middle...', Array)
#8 /var/www/html/scm/vendor/laravel/framework/src/Illuminate/Foundation/Http/Kernel.php(142): Illuminate\Foundation\Application->make('App\Http\Middle...')
#9 /var/www/html/scm/public/index.php(58): Illuminate\Foundation\Http\Kernel->terminate(Object(Illuminate\Http\Request), Object(Illuminate\Http\Response))
#10 /var/www/html/scm/server.php(21): require_once('/var/www/html/s...')
#11 {main}  
[2015-11-02 23:28:32] local.ERROR: exception 'RuntimeException' with message 'No supported encrypter found. The cipher and / or key length are invalid.' in /var/www/html/scm/vendor/laravel/framework/src/Illuminate/Encryption/EncryptionServiceProvider.php:29
Stack trace:
#0 /var/www/html/scm/vendor/laravel/framework/src/Illuminate/Container/Container.php(734): Illuminate\Encryption\EncryptionServiceProvider->Illuminate\Encryption\{closure}(Object(Illuminate\Foundation\Application), Array)
#1 /var/www/html/scm/vendor/laravel/framework/src/Illuminate/Container/Container.php(627): Illuminate\Container\Container->build(Object(Closure), Array)
#2 /var/www/html/scm/vendor/laravel/framework/src/Illuminate/Foundation/Application.php(674): Illuminate\Container\Container->make('encrypter', Array)
#3 /var/www/html/scm/vendor/laravel/framework/src/Illuminate/Container/Container.php(838): Illuminate\Foundation\Application->make('Illuminate\Cont...')
#4 /var/www/html/scm/vendor/laravel/framework/src/Illuminate/Container/Container.php(801): Illuminate\Container\Container->resolveClass(Object(ReflectionParameter))
#5 /var/www/html/scm/vendor/laravel/framework/src/Illuminate/Container/Container.php(772): Illuminate\Container\Container->getDependencies(Array, Array)
#6 /var/www/html/scm/vendor/laravel/framework/src/Illuminate/Container/Container.php(627): Illuminate\Container\Container->build('App\Http\Middle...', Array)
#7 /var/www/html/scm/vendor/laravel/framework/src/Illuminate/Foundation/Application.php(674): Illuminate\Container\Container->make('App\Http\Middle...', Array)
#8 /var/www/html/scm/vendor/laravel/framework/src/Illuminate/Pipeline/Pipeline.php(123): Illuminate\Foundation\Application->make('App\Http\Middle...')
#9 /var/www/html/scm/vendor/laravel/framework/src/Illuminate/Foundation/Http/Middleware/CheckForMaintenanceMode.php(42): Illuminate\Pipeline\Pipeline->Illuminate\Pipeline\{closure}(Object(Illuminate\Http\Request))
#10 [internal function]: Illuminate\Foundation\Http\Middleware\CheckForMaintenanceMode->handle(Object(Illuminate\Http\Request), Object(Closure))
#11 /var/www/html/scm/vendor/laravel/framework/src/Illuminate/Pipeline/Pipeline.php(124): call_user_func_array(Array, Array)
#12 [internal function]: Illuminate\Pipeline\Pipeline->Illuminate\Pipeline\{closure}(Object(Illuminate\Http\Request))
#13 /var/www/html/scm/vendor/laravel/framework/src/Illuminate/Pipeline/Pipeline.php(103): call_user_func(Object(Closure), Object(Illuminate\Http\Request))
#14 /var/www/html/scm/vendor/laravel/framework/src/Illuminate/Foundation/Http/Kernel.php(122): Illuminate\Pipeline\Pipeline->then(Object(Closure))
#15 /var/www/html/scm/vendor/laravel/framework/src/Illuminate/Foundation/Http/Kernel.php(87): Illuminate\Foundation\Http\Kernel->sendRequestThroughRouter(Object(Illuminate\Http\Request))
#16 /var/www/html/scm/public/index.php(54): Illuminate\Foundation\Http\Kernel->handle(Object(Illuminate\Http\Request))
#17 /var/www/html/scm/server.php(21): require_once('/var/www/html/s...')
#18 {main}  
[2015-11-02 23:28:32] local.ERROR: exception 'RuntimeException' with message 'No supported encrypter found. The cipher and / or key length are invalid.' in /var/www/html/scm/vendor/laravel/framework/src/Illuminate/Encryption/EncryptionServiceProvider.php:29
Stack trace:
#0 /var/www/html/scm/vendor/laravel/framework/src/Illuminate/Container/Container.php(734): Illuminate\Encryption\EncryptionServiceProvider->Illuminate\Encryption\{closure}(Object(Illuminate\Foundation\Application), Array)
#1 /var/www/html/scm/vendor/laravel/framework/src/Illuminate/Container/Container.php(627): Illuminate\Container\Container->build(Object(Closure), Array)
#2 /var/www/html/scm/vendor/laravel/framework/src/Illuminate/Foundation/Application.php(674): Illuminate\Container\Container->make('encrypter', Array)
#3 /var/www/html/scm/vendor/laravel/framework/src/Illuminate/Container/Container.php(838): Illuminate\Foundation\Application->make('Illuminate\Cont...')
#4 /var/www/html/scm/vendor/laravel/framework/src/Illuminate/Container/Container.php(801): Illuminate\Container\Container->resolveClass(Object(ReflectionParameter))
#5 /var/www/html/scm/vendor/laravel/framework/src/Illuminate/Container/Container.php(772): Illuminate\Container\Container->getDependencies(Array, Array)
#6 /var/www/html/scm/vendor/laravel/framework/src/Illuminate/Container/Container.php(627): Illuminate\Container\Container->build('App\Http\Middle...', Array)
#7 /var/www/html/scm/vendor/laravel/framework/src/Illuminate/Foundation/Application.php(674): Illuminate\Container\Container->make('App\Http\Middle...', Array)
#8 /var/www/html/scm/vendor/laravel/framework/src/Illuminate/Foundation/Http/Kernel.php(142): Illuminate\Foundation\Application->make('App\Http\Middle...')
#9 /var/www/html/scm/public/index.php(58): Illuminate\Foundation\Http\Kernel->terminate(Object(Illuminate\Http\Request), Object(Illuminate\Http\Response))
#10 /var/www/html/scm/server.php(21): require_once('/var/www/html/s...')
#11 {main}  
[2015-11-02 23:31:45] local.ERROR: exception 'RuntimeException' with message 'No supported encrypter found. The cipher and / or key length are invalid.' in /var/www/html/scm/vendor/laravel/framework/src/Illuminate/Encryption/EncryptionServiceProvider.php:29
Stack trace:
#0 /var/www/html/scm/vendor/laravel/framework/src/Illuminate/Container/Container.php(734): Illuminate\Encryption\EncryptionServiceProvider->Illuminate\Encryption\{closure}(Object(Illuminate\Foundation\Application), Array)
#1 /var/www/html/scm/vendor/laravel/framework/src/Illuminate/Container/Container.php(627): Illuminate\Container\Container->build(Object(Closure), Array)
#2 /var/www/html/scm/vendor/laravel/framework/src/Illuminate/Foundation/Application.php(674): Illuminate\Container\Container->make('encrypter', Array)
#3 /var/www/html/scm/vendor/laravel/framework/src/Illuminate/Container/Container.php(838): Illuminate\Foundation\Application->make('Illuminate\Cont...')
#4 /var/www/html/scm/vendor/laravel/framework/src/Illuminate/Container/Container.php(801): Illuminate\Container\Container->resolveClass(Object(ReflectionParameter))
#5 /var/www/html/scm/vendor/laravel/framework/src/Illuminate/Container/Container.php(772): Illuminate\Container\Container->getDependencies(Array, Array)
#6 /var/www/html/scm/vendor/laravel/framework/src/Illuminate/Container/Container.php(627): Illuminate\Container\Container->build('App\Http\Middle...', Array)
#7 /var/www/html/scm/vendor/laravel/framework/src/Illuminate/Foundation/Application.php(674): Illuminate\Container\Container->make('App\Http\Middle...', Array)
#8 /var/www/html/scm/vendor/laravel/framework/src/Illuminate/Pipeline/Pipeline.php(123): Illuminate\Foundation\Application->make('App\Http\Middle...')
#9 /var/www/html/scm/vendor/laravel/framework/src/Illuminate/Foundation/Http/Middleware/CheckForMaintenanceMode.php(42): Illuminate\Pipeline\Pipeline->Illuminate\Pipeline\{closure}(Object(Illuminate\Http\Request))
#10 [internal function]: Illuminate\Foundation\Http\Middleware\CheckForMaintenanceMode->handle(Object(Illuminate\Http\Request), Object(Closure))
#11 /var/www/html/scm/vendor/laravel/framework/src/Illuminate/Pipeline/Pipeline.php(124): call_user_func_array(Array, Array)
#12 [internal function]: Illuminate\Pipeline\Pipeline->Illuminate\Pipeline\{closure}(Object(Illuminate\Http\Request))
#13 /var/www/html/scm/vendor/laravel/framework/src/Illuminate/Pipeline/Pipeline.php(103): call_user_func(Object(Closure), Object(Illuminate\Http\Request))
#14 /var/www/html/scm/vendor/laravel/framework/src/Illuminate/Foundation/Http/Kernel.php(122): Illuminate\Pipeline\Pipeline->then(Object(Closure))
#15 /var/www/html/scm/vendor/laravel/framework/src/Illuminate/Foundation/Http/Kernel.php(87): Illuminate\Foundation\Http\Kernel->sendRequestThroughRouter(Object(Illuminate\Http\Request))
#16 /var/www/html/scm/public/index.php(54): Illuminate\Foundation\Http\Kernel->handle(Object(Illuminate\Http\Request))
#17 /var/www/html/scm/server.php(21): require_once('/var/www/html/s...')
#18 {main}  
[2015-11-02 23:31:45] local.ERROR: exception 'RuntimeException' with message 'No supported encrypter found. The cipher and / or key length are invalid.' in /var/www/html/scm/vendor/laravel/framework/src/Illuminate/Encryption/EncryptionServiceProvider.php:29
Stack trace:
#0 /var/www/html/scm/vendor/laravel/framework/src/Illuminate/Container/Container.php(734): Illuminate\Encryption\EncryptionServiceProvider->Illuminate\Encryption\{closure}(Object(Illuminate\Foundation\Application), Array)
#1 /var/www/html/scm/vendor/laravel/framework/src/Illuminate/Container/Container.php(627): Illuminate\Container\Container->build(Object(Closure), Array)
#2 /var/www/html/scm/vendor/laravel/framework/src/Illuminate/Foundation/Application.php(674): Illuminate\Container\Container->make('encrypter', Array)
#3 /var/www/html/scm/vendor/laravel/framework/src/Illuminate/Container/Container.php(838): Illuminate\Foundation\Application->make('Illuminate\Cont...')
#4 /var/www/html/scm/vendor/laravel/framework/src/Illuminate/Container/Container.php(801): Illuminate\Container\Container->resolveClass(Object(ReflectionParameter))
#5 /var/www/html/scm/vendor/laravel/framework/src/Illuminate/Container/Container.php(772): Illuminate\Container\Container->getDependencies(Array, Array)
#6 /var/www/html/scm/vendor/laravel/framework/src/Illuminate/Container/Container.php(627): Illuminate\Container\Container->build('App\Http\Middle...', Array)
#7 /var/www/html/scm/vendor/laravel/framework/src/Illuminate/Foundation/Application.php(674): Illuminate\Container\Container->make('App\Http\Middle...', Array)
#8 /var/www/html/scm/vendor/laravel/framework/src/Illuminate/Foundation/Http/Kernel.php(142): Illuminate\Foundation\Application->make('App\Http\Middle...')
#9 /var/www/html/scm/public/index.php(58): Illuminate\Foundation\Http\Kernel->terminate(Object(Illuminate\Http\Request), Object(Illuminate\Http\Response))
#10 /var/www/html/scm/server.php(21): require_once('/var/www/html/s...')
#11 {main}  
[2015-11-02 23:36:14] local.ERROR: exception 'RuntimeException' with message 'No supported encrypter found. The cipher and / or key length are invalid.' in /var/www/html/scm/vendor/laravel/framework/src/Illuminate/Encryption/EncryptionServiceProvider.php:29
Stack trace:
#0 /var/www/html/scm/vendor/laravel/framework/src/Illuminate/Container/Container.php(734): Illuminate\Encryption\EncryptionServiceProvider->Illuminate\Encryption\{closure}(Object(Illuminate\Foundation\Application), Array)
#1 /var/www/html/scm/vendor/laravel/framework/src/Illuminate/Container/Container.php(627): Illuminate\Container\Container->build(Object(Closure), Array)
#2 /var/www/html/scm/vendor/laravel/framework/src/Illuminate/Foundation/Application.php(674): Illuminate\Container\Container->make('encrypter', Array)
#3 /var/www/html/scm/vendor/laravel/framework/src/Illuminate/Container/Container.php(838): Illuminate\Foundation\Application->make('Illuminate\Cont...')
#4 /var/www/html/scm/vendor/laravel/framework/src/Illuminate/Container/Container.php(801): Illuminate\Container\Container->resolveClass(Object(ReflectionParameter))
#5 /var/www/html/scm/vendor/laravel/framework/src/Illuminate/Container/Container.php(772): Illuminate\Container\Container->getDependencies(Array, Array)
#6 /var/www/html/scm/vendor/laravel/framework/src/Illuminate/Container/Container.php(627): Illuminate\Container\Container->build('App\Http\Middle...', Array)
#7 /var/www/html/scm/vendor/laravel/framework/src/Illuminate/Foundation/Application.php(674): Illuminate\Container\Container->make('App\Http\Middle...', Array)
#8 /var/www/html/scm/vendor/laravel/framework/src/Illuminate/Pipeline/Pipeline.php(123): Illuminate\Foundation\Application->make('App\Http\Middle...')
#9 /var/www/html/scm/vendor/laravel/framework/src/Illuminate/Foundation/Http/Middleware/CheckForMaintenanceMode.php(42): Illuminate\Pipeline\Pipeline->Illuminate\Pipeline\{closure}(Object(Illuminate\Http\Request))
#10 [internal function]: Illuminate\Foundation\Http\Middleware\CheckForMaintenanceMode->handle(Object(Illuminate\Http\Request), Object(Closure))
#11 /var/www/html/scm/vendor/laravel/framework/src/Illuminate/Pipeline/Pipeline.php(124): call_user_func_array(Array, Array)
#12 [internal function]: Illuminate\Pipeline\Pipeline->Illuminate\Pipeline\{closure}(Object(Illuminate\Http\Request))
#13 /var/www/html/scm/vendor/laravel/framework/src/Illuminate/Pipeline/Pipeline.php(103): call_user_func(Object(Closure), Object(Illuminate\Http\Request))
#14 /var/www/html/scm/vendor/laravel/framework/src/Illuminate/Foundation/Http/Kernel.php(122): Illuminate\Pipeline\Pipeline->then(Object(Closure))
#15 /var/www/html/scm/vendor/laravel/framework/src/Illuminate/Foundation/Http/Kernel.php(87): Illuminate\Foundation\Http\Kernel->sendRequestThroughRouter(Object(Illuminate\Http\Request))
#16 /var/www/html/scm/public/index.php(54): Illuminate\Foundation\Http\Kernel->handle(Object(Illuminate\Http\Request))
#17 /var/www/html/scm/server.php(21): require_once('/var/www/html/s...')
#18 {main}  
[2015-11-02 23:36:14] local.ERROR: exception 'RuntimeException' with message 'No supported encrypter found. The cipher and / or key length are invalid.' in /var/www/html/scm/vendor/laravel/framework/src/Illuminate/Encryption/EncryptionServiceProvider.php:29
Stack trace:
#0 /var/www/html/scm/vendor/laravel/framework/src/Illuminate/Container/Container.php(734): Illuminate\Encryption\EncryptionServiceProvider->Illuminate\Encryption\{closure}(Object(Illuminate\Foundation\Application), Array)
#1 /var/www/html/scm/vendor/laravel/framework/src/Illuminate/Container/Container.php(627): Illuminate\Container\Container->build(Object(Closure), Array)
#2 /var/www/html/scm/vendor/laravel/framework/src/Illuminate/Foundation/Application.php(674): Illuminate\Container\Container->make('encrypter', Array)
#3 /var/www/html/scm/vendor/laravel/framework/src/Illuminate/Container/Container.php(838): Illuminate\Foundation\Application->make('Illuminate\Cont...')
#4 /var/www/html/scm/vendor/laravel/framework/src/Illuminate/Container/Container.php(801): Illuminate\Container\Container->resolveClass(Object(ReflectionParameter))
#5 /var/www/html/scm/vendor/laravel/framework/src/Illuminate/Container/Container.php(772): Illuminate\Container\Container->getDependencies(Array, Array)
#6 /var/www/html/scm/vendor/laravel/framework/src/Illuminate/Container/Container.php(627): Illuminate\Container\Container->build('App\Http\Middle...', Array)
#7 /var/www/html/scm/vendor/laravel/framework/src/Illuminate/Foundation/Application.php(674): Illuminate\Container\Container->make('App\Http\Middle...', Array)
#8 /var/www/html/scm/vendor/laravel/framework/src/Illuminate/Foundation/Http/Kernel.php(142): Illuminate\Foundation\Application->make('App\Http\Middle...')
#9 /var/www/html/scm/public/index.php(58): Illuminate\Foundation\Http\Kernel->terminate(Object(Illuminate\Http\Request), Object(Illuminate\Http\Response))
#10 /var/www/html/scm/server.php(21): require_once('/var/www/html/s...')
#11 {main}  
